2025-08-10 16:27:00.043 INFO [trace=1f82ccc2 user=20] userId=20 GET /api/plan/69 114ms status=200
2025-08-10 16:27:00.044 INFO [trace=80050ab0 user=20] userId=20 GET /api/user/profile 115ms status=200
2025-08-10 16:27:00.907 INFO [trace=62985784 user=20] userId=20 POST /api/plan/69/tour 824ms status=200
2025-08-10 16:27:00.952 INFO [trace=72c7d0a2 user=20] userId=20 POST /api/plan/69/tour 1023ms status=200
2025-08-10 16:27:01.044 INFO [trace=2069c385 user=20] userId=20 POST /api/plan/69/restaurant 1115ms status=200
2025-08-10 16:27:01.082 INFO [trace=ff269853 user=20] userId=20 POST /api/plan/69/restaurant 691ms status=200
2025-08-10 16:27:01.217 INFO [trace=f113ebb1 user=20] userId=20 POST /api/plan/69/lodging 1287ms status=200
2025-08-10 16:27:01.264 INFO [trace=5af207b2 user=20] userId=20 POST /api/plan/69/lodging 873ms status=200
2025-08-10 16:27:26.025 INFO [trace=8ba34746 user=20] userId=20 GET /api/user/profile 13ms status=200
2025-08-10 16:27:26.031 INFO [trace=372230e8 user=20] userId=20 GET /api/plan/69 16ms status=200
2025-08-10 16:27:26.244 INFO [trace=116a0a74 user=20] userId=20 POST /api/plan/69/lodging 228ms status=200
2025-08-10 16:27:26.296 INFO [trace=09acee71 user=20] userId=20 POST /api/plan/69/tour 281ms status=200
2025-08-10 16:27:26.296 INFO [trace=701294fd user=20] userId=20 POST /api/plan/69/restaurant 259ms status=200
2025-08-10 16:27:26.336 INFO [trace=f507c311 user=20] userId=20 POST /api/plan/69/tour 267ms status=200
2025-08-10 16:27:26.470 INFO [trace=9a5637c0 user=20] userId=20 POST /api/plan/69/restaurant 87ms status=200
2025-08-10 16:27:26.471 INFO [trace=2ffefdc2 user=20] userId=20 POST /api/plan/69/lodging 86ms status=200
2025-08-10 16:29:56.788 INFO [trace=b1f467f6 user=20] userId=20 GET /api/user/profile 91ms status=200
2025-08-10 16:29:56.788 INFO [trace=1ffcbe4f user=20] userId=20 GET /api/plan/69 91ms status=200
2025-08-10 16:29:57.263 INFO [trace=9b8a83aa user=20] userId=20 POST /api/plan/69/tour 566ms status=200
2025-08-10 16:29:57.263 INFO [trace=fa00a614 user=20] userId=20 POST /api/plan/69/lodging 566ms status=200
2025-08-10 16:29:57.273 INFO [trace=5ca01906 user=20] userId=20 POST /api/plan/69/tour 445ms status=200
2025-08-10 16:29:57.274 INFO [trace=9c271a1d user=20] userId=20 POST /api/plan/69/restaurant 577ms status=200
2025-08-10 16:29:57.392 INFO [trace=7fdc43db user=20] userId=20 POST /api/plan/69/lodging 248ms status=200
2025-08-10 16:29:57.421 INFO [trace=6807dff3 user=20] userId=20 POST /api/plan/69/restaurant 278ms status=200
2025-08-10 16:30:25.395 INFO [trace=89fbf59c user=20] userId=20 GET /api/plan/69 22ms status=200
2025-08-10 16:30:25.402 INFO [trace=04b7c188 user=20] userId=20 GET /api/user/profile 26ms status=200
2025-08-10 16:30:25.606 INFO [trace=52d92db9 user=20] userId=20 POST /api/plan/69/tour 233ms status=200
2025-08-10 16:30:25.642 INFO [trace=2337ca34 user=20] userId=20 POST /api/plan/69/lodging 269ms status=200
2025-08-10 16:30:25.658 INFO [trace=18a24ad6 user=20] userId=20 POST /api/plan/69/restaurant 281ms status=200
2025-08-10 16:30:25.697 INFO [trace=6dc02d2f user=20] userId=20 POST /api/plan/69/tour 254ms status=200
2025-08-10 16:30:25.843 INFO [trace=91251c07 user=20] userId=20 POST /api/plan/69/restaurant 87ms status=200
2025-08-10 16:30:25.844 INFO [trace=c0b5d3c1 user=20] userId=20 POST /api/plan/69/lodging 88ms status=200
2025-08-10 16:30:38.610 INFO [trace=f08e7477 user=20] userId=20 GET /api/user/profile 16ms status=200
2025-08-10 16:30:38.654 INFO [trace=e35f7427 user=20] userId=20 GET /api/plan/69 10ms status=500
2025-08-10 16:30:38.872 INFO [trace=85df589b user=20] userId=20 POST /api/plan/69/lodging 266ms status=200
2025-08-10 16:30:39.353 INFO [trace=df21ff1e user=20] userId=20 POST /api/plan/69/restaurant 709ms status=200
2025-08-10 16:30:39.532 INFO [trace=d501d970 user=20] userId=20 POST /api/plan/69/tour 926ms status=200
2025-08-10 16:30:58.016 INFO [trace=db2d87e6 user=20] userId=20 GET /api/user/profile 20ms status=200
2025-08-10 16:30:58.027 INFO [trace=7b4cb82a user=20] userId=20 GET /api/plan/69 27ms status=500
2025-08-10 16:30:58.224 INFO [trace=d4b42fc2 user=20] userId=20 POST /api/plan/69/tour 222ms status=200
2025-08-10 16:30:58.238 INFO [trace=1af2f912 user=20] userId=20 POST /api/plan/69/restaurant 236ms status=200
2025-08-10 16:30:59.071 INFO [trace=70532f48 user=20] userId=20 POST /api/plan/69/lodging 1069ms status=200
2025-08-10 16:30:59.288 INFO [trace=2264b358 user=20] userId=20 GET /api/user/profile 12ms status=200
2025-08-10 16:30:59.303 INFO [trace=5bbb6907 user=20] userId=20 GET /api/plan/69 14ms status=500
2025-08-10 16:30:59.356 INFO [trace=a7742720 user=20] userId=20 POST /api/plan/69/tour 68ms status=200
2025-08-10 16:30:59.363 INFO [trace=6c1e2f61 user=20] userId=20 POST /api/plan/69/lodging 75ms status=200
2025-08-10 16:30:59.406 INFO [trace=cd085ccc user=20] userId=20 POST /api/plan/69/restaurant 75ms status=200
2025-08-10 16:32:15.011 INFO [trace=922e453e user=20] userId=20 GET /api/user/profile 10ms status=200
2025-08-10 16:32:15.035 INFO [trace=4f5090d9 user=20] userId=20 GET /api/plan/69 9ms status=500
2025-08-10 16:32:15.242 INFO [trace=2ccb0532 user=20] userId=20 POST /api/plan/69/tour 240ms status=200
2025-08-10 16:32:15.245 INFO [trace=0061530f user=20] userId=20 POST /api/plan/69/lodging 241ms status=200
2025-08-10 16:32:15.256 INFO [trace=3d0ff0dd user=20] userId=20 POST /api/plan/69/restaurant 254ms status=200
2025-08-10 16:35:14.458 INFO [trace=fc1e17fd user=20] userId=20 GET /api/user/profile 14ms status=200
2025-08-10 16:35:18.822 INFO [trace=aa3714b8 user=anonymousUser] userId=anonymousUser POST /api/departure 819ms status=200
2025-08-10 16:35:19.910 INFO [trace=cf4ce53a user=anonymousUser] userId=anonymousUser GET /api/travel 14ms status=200
2025-08-10 16:35:23.434 INFO [trace=bb9d1da5 user=20] userId=20 POST /api/plan 86ms status=200
2025-08-10 16:35:23.772 INFO [trace=827e562b user=20] userId=20 GET /api/plan/70 6ms status=200
2025-08-10 16:35:23.778 INFO [trace=0e47eaee user=20] userId=20 GET /api/user/profile 12ms status=200
2025-08-10 16:35:24.198 INFO [trace=02168362 user=20] userId=20 POST /api/plan/70/tour 590ms status=200
2025-08-10 16:35:24.261 INFO [trace=3b3e6c28 user=20] userId=20 POST /api/plan/70/tour 453ms status=200
2025-08-10 16:35:24.593 INFO [trace=5316994e user=20] userId=20 POST /api/plan/70/restaurant 827ms status=200
2025-08-10 16:35:24.626 INFO [trace=22994f12 user=20] userId=20 POST /api/plan/70/restaurant 499ms status=200
2025-08-10 16:35:24.840 INFO [trace=02ddc911 user=20] userId=20 POST /api/plan/70/lodging 1074ms status=200
2025-08-10 16:35:24.896 INFO [trace=d6ba1b4d user=20] userId=20 POST /api/plan/70/lodging 769ms status=200
2025-08-10 16:35:37.671 INFO [trace=c874d255 user=20] userId=20 GET /api/plan/70 1578ms status=500
2025-08-10 16:35:37.674 INFO [trace=ebc0f7fe user=20] userId=20 GET /api/user/profile 1580ms status=200
2025-08-10 16:35:37.901 INFO [trace=3e0c959f user=20] userId=20 POST /api/plan/70/lodging 1807ms status=200
2025-08-10 16:35:37.922 INFO [trace=ebbe47f4 user=20] userId=20 POST /api/plan/70/restaurant 1828ms status=200
2025-08-10 16:35:37.924 INFO [trace=20d428a1 user=20] userId=20 POST /api/plan/70/tour 1830ms status=200
2025-08-10 16:35:50.851 INFO [trace=1d7f240f user=20] userId=20 GET /api/user/profile 11ms status=200
2025-08-10 16:35:50.858 INFO [trace=ff73849f user=20] userId=20 GET /api/plan/70 17ms status=200
2025-08-10 16:35:51.080 INFO [trace=97e283cd user=20] userId=20 POST /api/plan/70/restaurant 227ms status=200
2025-08-10 16:35:51.091 INFO [trace=fc92f4d5 user=20] userId=20 POST /api/plan/70/tour 250ms status=200
2025-08-10 16:35:51.110 INFO [trace=649f20a5 user=20] userId=20 POST /api/plan/70/lodging 269ms status=200
2025-08-10 16:35:51.154 INFO [trace=2c7646ff user=20] userId=20 POST /api/plan/70/tour 252ms status=200
2025-08-10 16:35:51.289 INFO [trace=3ee065b4 user=20] userId=20 POST /api/plan/70/lodging 72ms status=200
2025-08-10 16:35:51.305 INFO [trace=80e2f89d user=20] userId=20 POST /api/plan/70/restaurant 88ms status=200
2025-08-10 16:37:13.417 INFO [trace=8cb10516 user=20] userId=20 GET /api/plan/70 3ms status=500
2025-08-10 16:37:13.421 INFO [trace=9723dfde user=20] userId=20 GET /api/user/profile 8ms status=200
2025-08-10 16:37:13.658 INFO [trace=c6c89d4d user=20] userId=20 POST /api/plan/70/restaurant 244ms status=200
2025-08-10 16:37:13.670 INFO [trace=8fd59abd user=20] userId=20 POST /api/plan/70/tour 257ms status=200
2025-08-10 16:37:13.723 INFO [trace=2ee564cf user=20] userId=20 POST /api/plan/70/lodging 310ms status=200
2025-08-10 16:37:56.656 INFO [trace=9fdf163f user=20] userId=20 GET /api/user/profile 14ms status=200
2025-08-10 16:37:56.669 INFO [trace=ad27f6f4 user=20] userId=20 GET /api/plan/70 13ms status=200
2025-08-10 16:37:56.879 INFO [trace=8be7a74b user=20] userId=20 POST /api/plan/70/restaurant 239ms status=200
2025-08-10 16:37:56.898 INFO [trace=d7480aac user=20] userId=20 POST /api/plan/70/lodging 260ms status=200
2025-08-10 16:37:56.900 INFO [trace=b2b61c02 user=20] userId=20 POST /api/plan/70/tour 262ms status=200
2025-08-10 16:37:56.942 INFO [trace=3437f6be user=20] userId=20 POST /api/plan/70/tour 230ms status=200
2025-08-10 16:37:57.083 INFO [trace=a84d3680 user=20] userId=20 POST /api/plan/70/lodging 70ms status=200
2025-08-10 16:37:57.088 INFO [trace=89b584fe user=20] userId=20 POST /api/plan/70/restaurant 75ms status=200
2025-08-10 16:38:51.665 INFO [trace=508fdd98 user=20] userId=20 GET /api/user/profile 7ms status=200
2025-08-10 16:38:51.678 INFO [trace=030c8e20 user=20] userId=20 GET /api/plan/70 20ms status=200
2025-08-10 16:38:51.891 INFO [trace=7c1f8b96 user=20] userId=20 POST /api/plan/70/tour 233ms status=200
2025-08-10 16:38:51.902 INFO [trace=907a27af user=20] userId=20 POST /api/plan/70/restaurant 244ms status=200
2025-08-10 16:38:51.915 INFO [trace=6d7ed70f user=20] userId=20 POST /api/plan/70/lodging 258ms status=200
2025-08-10 16:38:51.958 INFO [trace=d8a8b29a user=20] userId=20 POST /api/plan/70/tour 242ms status=200
2025-08-10 16:38:52.102 INFO [trace=e1c3a701 user=20] userId=20 POST /api/plan/70/lodging 78ms status=200
2025-08-10 16:38:52.107 INFO [trace=5794d9a2 user=20] userId=20 POST /api/plan/70/restaurant 83ms status=200
2025-08-10 16:39:01.218 INFO [trace=f297d196 user=20] userId=20 GET /api/user/profile 12ms status=200
2025-08-10 16:39:01.221 INFO [trace=47bc69f3 user=20] userId=20 GET /api/plan/70 9ms status=200
2025-08-10 16:39:01.467 INFO [trace=9234a5db user=20] userId=20 POST /api/plan/70/restaurant 247ms status=200
2025-08-10 16:39:01.471 INFO [trace=8cfea485 user=20] userId=20 POST /api/plan/70/tour 260ms status=200
2025-08-10 16:39:01.480 INFO [trace=1f8259c0 user=20] userId=20 POST /api/plan/70/lodging 267ms status=200
2025-08-10 16:39:01.493 INFO [trace=9e7834a7 user=20] userId=20 POST /api/plan/70/tour 224ms status=200
2025-08-10 16:39:01.645 INFO [trace=03052632 user=20] userId=20 POST /api/plan/70/lodging 65ms status=200
2025-08-10 16:39:01.651 INFO [trace=9dd7be09 user=20] userId=20 POST /api/plan/70/restaurant 71ms status=200
